# JRE version: OpenJDK Runtime Environment (17.0.7) (build 17.0.7+0-b2043.56-10550314)
# Java VM: OpenJDK 64-Bit Server VM (17.0.7+0-b2043.56-10550314, mixed mode, tiered, compressed oops, compressed class ptrs, g1 gc, windows-amd64)
GC Precious Log:
 CPUs: 16 total, 16 available
 Memory: 15789M
 Large Page Support: Disabled
 NUMA Support: Disabled
 Compressed Oops: Enabled (32-bit)
 Heap Region Size: 1M
 Heap Min Capacity: 8M
 Heap Initial Capacity: 248M
 Heap Max Capacity: 2G
 Pre-touch: Disabled
 Parallel Workers: 13
 Concurrent Workers: 3
 Concurrent Refinement Workers: 13
 Periodic GC: Disabled
Heap:
 garbage-first heap   total 304128K, used 237224K [0x0000000080000000, 0x0000000100000000)
  region size 1024K, 73 young (74752K), 8 survivors (8192K)
 Metaspace       used 129510K, committed 130752K, reserved 1179648K
  class space    used 17103K, committed 17664K, reserved 1048576K
GC Heap History (20 events):
Event: 2662.572 GC heap before
{Heap before GC invocations=56 (full 0):
 garbage-first heap   total 277504K, used 227101K [0x0000000080000000, 0x0000000100000000)
  region size 1024K, 78 young (79872K), 2 survivors (2048K)
 Metaspace       used 110771K, committed 111744K, reserved 1179648K
  class space    used 14840K, committed 15296K, reserved 1048576K
}
Event: 2662.583 GC heap after
{Heap after GC invocations=57 (full 0):
 garbage-first heap   total 277504K, used 156444K [0x0000000080000000, 0x0000000100000000)
  region size 1024K, 8 young (8192K), 8 survivors (8192K)
 Metaspace       used 110771K, committed 111744K, reserved 1179648K
  class space    used 14840K, committed 15296K, reserved 1048576K
}
Event: 2664.435 GC heap before
{Heap before GC invocations=58 (full 0):
 garbage-first heap   total 277504K, used 230172K [0x0000000080000000, 0x0000000100000000)
  region size 1024K, 79 young (80896K), 8 survivors (8192K)
 Metaspace       used 121420K, committed 122368K, reserved 1179648K
  class space    used 16065K, committed 16512K, reserved 1048576K
}
Event: 2664.444 GC heap after
{Heap after GC invocations=59 (full 0):
 garbage-first heap   total 277504K, used 163147K [0x0000000080000000, 0x0000000100000000)
  region size 1024K, 7 young (7168K), 7 survivors (7168K)
 Metaspace       used 121420K, committed 122368K, reserved 1179648K
  class space    used 16065K, committed 16512K, reserved 1048576K
}
Event: 2664.529 GC heap before
{Heap before GC invocations=59 (full 0):
 garbage-first heap   total 277504K, used 168267K [0x0000000080000000, 0x0000000100000000)
  region size 1024K, 13 young (13312K), 7 survivors (7168K)
 Metaspace       used 121639K, committed 122624K, reserved 1179648K
  class space    used 16104K, committed 16576K, reserved 1048576K
}
Event: 2664.538 GC heap after
{Heap after GC invocations=60 (full 0):
 garbage-first heap   total 277504K, used 152114K [0x0000000080000000, 0x0000000100000000)
  region size 1024K, 2 young (2048K), 2 survivors (2048K)
 Metaspace       used 121639K, committed 122624K, reserved 1179648K
  class space    used 16104K, committed 16576K, reserved 1048576K
}
Event: 2667.057 GC heap before
{Heap before GC invocations=60 (full 0):
 garbage-first heap   total 277504K, used 225842K [0x0000000080000000, 0x0000000100000000)
  region size 1024K, 75 young (76800K), 2 survivors (2048K)
 Metaspace       used 122854K, committed 123904K, reserved 1179648K
  class space    used 16270K, committed 16768K, reserved 1048576K
}
Event: 2667.062 GC heap after
{Heap after GC invocations=61 (full 0):
 garbage-first heap   total 277504K, used 156797K [0x0000000080000000, 0x0000000100000000)
  region size 1024K, 7 young (7168K), 7 survivors (7168K)
 Metaspace       used 122854K, committed 123904K, reserved 1179648K
  class space    used 16270K, committed 16768K, reserved 1048576K
}
Event: 2858.725 GC heap before
{Heap before GC invocations=62 (full 0):
 garbage-first heap   total 277504K, used 227453K [0x0000000080000000, 0x0000000100000000)
  region size 1024K, 77 young (78848K), 7 survivors (7168K)
 Metaspace       used 125059K, committed 126208K, reserved 1179648K
  class space    used 16527K, committed 17088K, reserved 1048576K
}
Event: 2858.735 GC heap after
{Heap after GC invocations=63 (full 0):
 garbage-first heap   total 277504K, used 163541K [0x0000000080000000, 0x0000000100000000)
  region size 1024K, 8 young (8192K), 8 survivors (8192K)
 Metaspace       used 125059K, committed 126208K, reserved 1179648K
  class space    used 16527K, committed 17088K, reserved 1048576K
}
Event: 2858.959 GC heap before
{Heap before GC invocations=63 (full 0):
 garbage-first heap   total 277504K, used 168661K [0x0000000080000000, 0x0000000100000000)
  region size 1024K, 13 young (13312K), 8 survivors (8192K)
 Metaspace       used 125082K, committed 126272K, reserved 1179648K
  class space    used 16529K, committed 17088K, reserved 1048576K
}
Event: 2858.968 GC heap after
{Heap after GC invocations=64 (full 0):
 garbage-first heap   total 277504K, used 161466K [0x0000000080000000, 0x0000000100000000)
  region size 1024K, 1 young (1024K), 1 survivors (1024K)
 Metaspace       used 125082K, committed 126272K, reserved 1179648K
  class space    used 16529K, committed 17088K, reserved 1048576K
}
Event: 3079.016 GC heap before
{Heap before GC invocations=64 (full 0):
 garbage-first heap   total 277504K, used 229050K [0x0000000080000000, 0x0000000100000000)
  region size 1024K, 68 young (69632K), 1 survivors (1024K)
 Metaspace       used 125491K, committed 126720K, reserved 1179648K
  class space    used 16570K, committed 17152K, reserved 1048576K
}
Event: 3079.020 GC heap after
{Heap after GC invocations=65 (full 0):
 garbage-first heap   total 277504K, used 167341K [0x0000000080000000, 0x0000000100000000)
  region size 1024K, 7 young (7168K), 7 survivors (7168K)
 Metaspace       used 125491K, committed 126720K, reserved 1179648K
  class space    used 16570K, committed 17152K, reserved 1048576K
}
Event: 3079.677 GC heap before
{Heap before GC invocations=66 (full 0):
 garbage-first heap   total 293888K, used 228781K [0x0000000080000000, 0x0000000100000000)
  region size 1024K, 68 young (69632K), 7 survivors (7168K)
 Metaspace       used 125637K, committed 126848K, reserved 1179648K
  class space    used 16565K, committed 17152K, reserved 1048576K
}
Event: 3079.685 GC heap after
{Heap after GC invocations=67 (full 0):
 garbage-first heap   total 293888K, used 175052K [0x0000000080000000, 0x0000000100000000)
  region size 1024K, 8 young (8192K), 8 survivors (8192K)
 Metaspace       used 125637K, committed 126848K, reserved 1179648K
  class space    used 16565K, committed 17152K, reserved 1048576K
}
Event: 3079.698 GC heap before
{Heap before GC invocations=67 (full 0):
 garbage-first heap   total 293888K, used 181196K [0x0000000080000000, 0x0000000100000000)
  region size 1024K, 14 young (14336K), 8 survivors (8192K)
 Metaspace       used 125637K, committed 126848K, reserved 1179648K
  class space    used 16565K, committed 17152K, reserved 1048576K
}
Event: 3079.718 GC heap after
{Heap after GC invocations=68 (full 0):
 garbage-first heap   total 293888K, used 165834K [0x0000000080000000, 0x0000000100000000)
  region size 1024K, 1 young (1024K), 1 survivors (1024K)
 Metaspace       used 125637K, committed 126848K, reserved 1179648K
  class space    used 16565K, committed 17152K, reserved 1048576K
}
Event: 3297.948 GC heap before
{Heap before GC invocations=68 (full 0):
 garbage-first heap   total 293888K, used 241610K [0x0000000080000000, 0x0000000100000000)
  region size 1024K, 76 young (77824K), 1 survivors (1024K)
 Metaspace       used 127552K, committed 128768K, reserved 1179648K
  class space    used 16826K, committed 17408K, reserved 1048576K
}
Event: 3297.953 GC heap after
{Heap after GC invocations=69 (full 0):
 garbage-first heap   total 293888K, used 172712K [0x0000000080000000, 0x0000000100000000)
  region size 1024K, 8 young (8192K), 8 survivors (8192K)
 Metaspace       used 127552K, committed 128768K, reserved 1179648K
  class space    used 16826K, committed 17408K, reserved 1048576K
}

